빌드 시작: 2017-12-22 오후 1:46:17
     1>2 노드의 "C:\weunus\project\ExcelToPdf\Example\Example\Example.vcxproj" 프로젝트(Build 대상)입니다.
     1>CustomBuild:
         Moc'ing example.h...
       ClCompile:
         C:\Program Files (x86)\Microsoft Visual Studio 12.0\VC\bin\x86_amd64\CL.exe /c /I.\GeneratedFiles /I. /IC:\Qt\Qt5.6.3\5.6.3\msvc2013_64\include /I.\GeneratedFiles\Debug /IC:\Qt\Qt5.6.3\5.6.3\msvc2013_64\include\QtCore /IC:\Qt\Qt5.6.3\5.6.3\msvc2013_64\include\QtGui /IC:\Qt\Qt5.6.3\5.6.3\msvc2013_64\include\ActiveQt /IC:\Qt\Qt5.6.3\5.6.3\msvc2013_64\include\QtPrintSupport /IC:\Qt\Qt5.6.3\5.6.3\msvc2013_64\include\QtWidgets /Zi /nologo /W1 /WX- /Od /D UNICODE /D WIN32 /D WIN64 /D QT_DLL /D QT_CORE_LIB /D QT_GUI_LIB /D QT_PRINTSUPPORT_LIB /D QT_WIDGETS_LIB /Gm- /EHsc /MDd /GS /fp:precise /Zc:wchar_t /Zc:forScope /Fo"x64\Debug\\" /Fd"x64\Debug\vc120.pdb" /Gd /TP /errorReport:prompt example.cpp GeneratedFiles\Debug\moc_example.cpp main.cpp
         example.cpp
         moc_example.cpp
         main.cpp
         코드를 생성하고 있습니다...
         C:\Program Files (x86)\Microsoft Visual Studio 12.0\VC\bin\x86_amd64\CL.exe /c /I.\GeneratedFiles /I. /IC:\Qt\Qt5.6.3\5.6.3\msvc2013_64\include /I.\GeneratedFiles\Debug /IC:\Qt\Qt5.6.3\5.6.3\msvc2013_64\include\QtCore /IC:\Qt\Qt5.6.3\5.6.3\msvc2013_64\include\QtGui /IC:\Qt\Qt5.6.3\5.6.3\msvc2013_64\include\ActiveQt /IC:\Qt\Qt5.6.3\5.6.3\msvc2013_64\include\QtPrintSupport /IC:\Qt\Qt5.6.3\5.6.3\msvc2013_64\include\QtWidgets /Zi /nologo /W1 /WX- /Od /D UNICODE /D WIN32 /D WIN64 /D QT_DLL /D QT_CORE_LIB /D QT_GUI_LIB /D QT_PRINTSUPPORT_LIB /D QT_WIDGETS_LIB /Gm- /EHsc /MDd /GS /fp:precise /Zc:wchar_t /Zc:forScope /Fo"x64\Debug\\" /Fd"x64\Debug\vc120.pdb" /Gd /TP /errorReport:prompt GeneratedFiles\qrc_example.cpp
         qrc_example.cpp
       Link:
         C:\Program Files (x86)\Microsoft Visual Studio 12.0\VC\bin\x86_amd64\link.exe /ERRORREPORT:PROMPT /OUT:"C:\weunus\project\ExcelToPdf\Example\x64\Debug\\Example.exe" /NOLOGO /LIBPATH:C:\Qt\Qt5.6.3\5.6.3\msvc2013_64\lib qtmaind.lib Qt5Cored.lib Qt5Guid.lib Qt5AxContainerd.lib Qt5AxBased.lib Qt5PrintSupportd.lib Qt5Widgetsd.lib kernel32.lib user32.lib gdi32.lib winspool.lib comdlg32.lib advapi32.lib shell32.lib ole32.lib oleaut32.lib uuid.lib odbc32.lib odbccp32.lib /MANIFEST /MANIFESTUAC:"level='asInvoker' uiAccess='false'" /manifest:embed /DEBUG /PDB:"C:\weunus\project\ExcelToPdf\Example\x64\Debug\Example.pdb" /SUBSYSTEM:WINDOWS /TLBID:1 /DYNAMICBASE /NXCOMPAT /IMPLIB:"C:\weunus\project\ExcelToPdf\Example\x64\Debug\Example.lib" /MACHINE:X64 x64\Debug\example.obj
         x64\Debug\moc_example.obj
         x64\Debug\qrc_example.obj
         x64\Debug\main.obj
         Example.vcxproj -> C:\weunus\project\ExcelToPdf\Example\x64\Debug\Example.exe
     1>"C:\weunus\project\ExcelToPdf\Example\Example\Example.vcxproj" 프로젝트를 빌드했습니다(Build 대상).

빌드했습니다.

경과 시간: 00:00:04.04
